<?xml version="1.0" encoding="UTF-8"?>
<testsuite xmlns:xsi="http://www.w3.org/2001/XMLSchema-instance" xsi:noNamespaceSchemaLocation="https://maven.apache.org/surefire/maven-surefire-plugin/xsd/surefire-test-report-3.0.xsd" version="3.0" name="com.perfulandia.inventario.InventarioServiceApplicationTests" time="3.798" tests="1" errors="0" skipped="0" failures="0">
  <properties>
[...]
</properties>
  <testcase name="contextLoads" classname="com.perfulandia.inventario.InventarioServiceApplicationTests" time="0.255">
    <system-out><![CDATA[20:33:55.647 [main] INFO org.springframework.test.context.support.AnnotationConfigContextLoaderUtils -- Could not detect default configuration classes for test class [com.perfulandia.inventario.InventarioServiceApplicationTests]: InventarioServiceApplicationTests does not declare any static, non-private, non-final, nested classes annotated with @Configuration.
20:33:55.741 [main] INFO org.springframework.boot.test.context.SpringBootTestContextBootstrapper -- Found @SpringBootConfiguration com.perfulandia.inventario.InventarioServiceApplication for test class com.perfulandia.inventario.InventarioServiceApplicationTests

  .   ____          _            __ _ _
 /\\ / ___'_ __ _ _(_)_ __  __ _ \ \ \ \
( ( )\___ | '_ | '_| | '_ \/ _` | \ \ \ \
 \\/  ___)| |_)| | | | | || (_| |  ) ) ) )
  '  |____| .__|_| |_|_| |_\__, | / / / /
 =========|_|==============|___/=/_/_/_/

 :: Spring Boot ::               (v3.3.11)

2025-05-17T20:33:56.089-04:00  INFO 5176 --- [inventario-service] [           main] c.p.i.InventarioServiceApplicationTests  : Starting InventarioServiceApplicationTests using Java 24.0.1 with PID 5176 (started by user in C:\Users\user\OneDrive\Escritorio\Perfulandia-main\inventario-service)
2025-05-17T20:33:56.090-04:00  INFO 5176 --- [inventario-service] [           main] c.p.i.InventarioServiceApplicationTests  : No active profile set, falling back to 1 default profile: "default"
2025-05-17T20:33:56.594-04:00  INFO 5176 --- [inventario-service] [           main] .s.d.r.c.RepositoryConfigurationDelegate : Bootstrapping Spring Data JPA repositories in DEFAULT mode.
2025-05-17T20:33:56.642-04:00  INFO 5176 --- [inventario-service] [           main] .s.d.r.c.RepositoryConfigurationDelegate : Finished Spring Data repository scanning in 40 ms. Found 1 JPA repository interface.
2025-05-17T20:33:56.956-04:00  INFO 5176 --- [inventario-service] [           main] o.hibernate.jpa.internal.util.LogHelper  : HHH000204: Processing PersistenceUnitInfo [name: default]
2025-05-17T20:33:57.006-04:00  INFO 5176 --- [inventario-service] [           main] org.hibernate.Version                    : HHH000412: Hibernate ORM core version 6.5.3.Final
2025-05-17T20:33:57.035-04:00  INFO 5176 --- [inventario-service] [           main] o.h.c.internal.RegionFactoryInitiator    : HHH000026: Second-level cache disabled
2025-05-17T20:33:57.318-04:00  INFO 5176 --- [inventario-service] [           main] o.s.o.j.p.SpringPersistenceUnitInfo      : No LoadTimeWeaver setup: ignoring JPA class transformer
2025-05-17T20:33:57.347-04:00  INFO 5176 --- [inventario-service] [           main] com.zaxxer.hikari.HikariDataSource       : HikariPool-1 - Starting...
2025-05-17T20:33:57.627-04:00  INFO 5176 --- [inventario-service] [           main] com.zaxxer.hikari.pool.HikariPool        : HikariPool-1 - Added connection com.mysql.cj.jdbc.ConnectionImpl@45571cfc
2025-05-17T20:33:57.628-04:00  INFO 5176 --- [inventario-service] [           main] com.zaxxer.hikari.HikariDataSource       : HikariPool-1 - Start completed.
2025-05-17T20:33:58.312-04:00  INFO 5176 --- [inventario-service] [           main] o.h.e.t.j.p.i.JtaPlatformInitiator       : HHH000489: No JTA platform available (set 'hibernate.transaction.jta.platform' to enable JTA platform integration)
2025-05-17T20:33:58.347-04:00  INFO 5176 --- [inventario-service] [           main] j.LocalContainerEntityManagerFactoryBean : Initialized JPA EntityManagerFactory for persistence unit 'default'
2025-05-17T20:33:58.730-04:00  WARN 5176 --- [inventario-service] [           main] JpaBaseConfiguration$JpaWebConfiguration : spring.jpa.open-in-view is enabled by default. Therefore, database queries may be performed during view rendering. Explicitly configure spring.jpa.open-in-view to disable this warning
2025-05-17T20:33:58.772-04:00  INFO 5176 --- [inventario-service] [           main] o.s.v.b.OptionalValidatorFactoryBean     : Failed to set up a Bean Validation provider: jakarta.validation.NoProviderFoundException: Unable to create a Configuration, because no Jakarta Bean Validation provider could be found. Add a provider like Hibernate Validator (RI) to your classpath.
2025-05-17T20:33:59.058-04:00  INFO 5176 --- [inventario-service] [           main] c.p.i.InventarioServiceApplicationTests  : Started InventarioServiceApplicationTests in 3.191 seconds (process running for 3.96)
]]></system-out>
    <system-err><![CDATA[WARNING: A Java agent has been loaded dynamically (C:\Users\user\.m2\repository\net\bytebuddy\byte-buddy-agent\1.14.19\byte-buddy-agent-1.14.19.jar)
WARNING: If a serviceability tool is in use, please run with -XX:+EnableDynamicAgentLoading to hide this warning
WARNING: If a serviceability tool is not in use, please run with -Djdk.instrument.traceUsage for more information
WARNING: Dynamic loading of agents will be disallowed by default in a future release
]]></system-err>
  </testcase>
</testsuite>